[00:00:00.001] (7f64ce953700) TRACE  registering with poller
[00:00:00.001] (7f64ce953700) TRACE  registering with poller
[00:00:00.726] (7f64cf9cd680) TRACE  KeyEvent { code: Char('j'), modifiers: NONE } pressed
[00:00:01.002] (7f64cf9cd680) TRACE  KeyEvent { code: Char('j'), modifiers: NONE } pressed
[00:00:01.326] (7f64cf9cd680) TRACE  KeyEvent { code: Char('k'), modifiers: NONE } pressed
[00:00:01.491] (7f64cf9cd680) TRACE  KeyEvent { code: Char('k'), modifiers: NONE } pressed
[00:00:01.641] (7f64cf9cd680) TRACE  KeyEvent { code: Char('k'), modifiers: NONE } pressed
[00:00:01.872] (7f64cf9cd680) TRACE  KeyEvent { code: Char('h'), modifiers: NONE } pressed
[00:00:02.031] (7f64cf9cd680) TRACE  KeyEvent { code: Char('h'), modifiers: NONE } pressed
[00:00:02.185] (7f64cf9cd680) TRACE  KeyEvent { code: Char('h'), modifiers: NONE } pressed
[00:00:02.348] (7f64cf9cd680) TRACE  KeyEvent { code: Char('l'), modifiers: NONE } pressed
[00:00:02.518] (7f64cf9cd680) TRACE  KeyEvent { code: Char('l'), modifiers: NONE } pressed
[00:00:02.678] (7f64cf9cd680) TRACE  KeyEvent { code: Char('l'), modifiers: NONE } pressed
[00:00:02.836] (7f64cf9cd680) TRACE  KeyEvent { code: Char('j'), modifiers: NONE } pressed
[00:00:03.007] (7f64cf9cd680) TRACE  KeyEvent { code: Char('j'), modifiers: NONE } pressed
[00:00:03.172] (7f64cf9cd680) TRACE  KeyEvent { code: Char('k'), modifiers: NONE } pressed
[00:00:03.326] (7f64cf9cd680) TRACE  KeyEvent { code: Char('k'), modifiers: NONE } pressed
[00:00:03.483] (7f64cf9cd680) TRACE  KeyEvent { code: Char('k'), modifiers: NONE } pressed
[00:00:03.632] (7f64cf9cd680) TRACE  KeyEvent { code: Char('k'), modifiers: NONE } pressed
[00:00:03.740] (7f64cf9cd680) TRACE  KeyEvent { code: Char('j'), modifiers: NONE } pressed
[00:00:03.906] (7f64cf9cd680) TRACE  KeyEvent { code: Char('j'), modifiers: NONE } pressed
[00:00:04.061] (7f64cf9cd680) TRACE  KeyEvent { code: Char('j'), modifiers: NONE } pressed
[00:00:04.245] (7f64cf9cd680) TRACE  KeyEvent { code: Char('h'), modifiers: NONE } pressed
[00:00:04.372] (7f64cf9cd680) TRACE  KeyEvent { code: Char('h'), modifiers: NONE } pressed
[00:00:04.660] (7f64cf9cd680) TRACE  KeyEvent { code: Char('l'), modifiers: NONE } pressed
[00:00:04.828] (7f64cf9cd680) TRACE  KeyEvent { code: Char('l'), modifiers: NONE } pressed
[00:00:05.066] (7f64cf9cd680) TRACE  KeyEvent { code: Char('h'), modifiers: NONE } pressed
[00:00:05.219] (7f64cf9cd680) TRACE  KeyEvent { code: Char('h'), modifiers: NONE } pressed
[00:00:05.349] (7f64cf9cd680) TRACE  KeyEvent { code: Char('h'), modifiers: NONE } pressed
[00:00:05.490] (7f64cf9cd680) TRACE  deregistering handle with poller
